(Средний ПК 8ГБ ОЗУ, Intel core i3 quad-core, 2Gb VRAM)
Архив: test.zip
1 символьные комбинации из 85 символов перебрано за 0.23400092124938965 секунд
Пароль подошел: ['__']
На подбор ушло 14.617225885391235 секунд

Архив: test.zip
1 символьные комбинации из 85 символов перебрано за 0.07085776329040527 секунд
Пароль подошел: ['__']
На подбор ушло 1.2365734577178955 секунд

Архив: test.zip
1 символьные комбинации из 85 символов перебрано за 0.062499284744262695 секунд
Пароль подошел: ['__']
На подбор ушло 1.7656292915344238 секунд


Архив: test.zip
1 символьные комбинации из 85 символов перебрано за 0.015624761581420898 секунд
Пароль подошел: ['__']
На подбор ушло 1.7031278610229492 секунд

Архив: test.zip
1 символьные комбинации из 85 символов перебрано за 0.0468745231628418 секунд
Пароль подошел: ['__']
На подбор ушло 1.875004768371582 секунд

Архив: test.zip
1 символьные комбинации из 85 символов перебрано за 0.062499284744262695 секунд
Пароль подошел: ['__']
На подбор ушло 1.7656238079071045 секунд

Архив: test.zip
1 символьные комбинации из 85 символов перебрано за 0.04199671745300293 секунд
Пароль подошел: ['__']
На подбор ушло 1.8919973373413086 секунд